<?xml version="1.0" encoding="UTF-8"?>
<!-- Generated by org.testng.reporters.JUnitReportReporter -->
<testsuite hostname="LAPTOP-M9MJF76J" failures="0" tests="1" name="TestNG.XpathAxes" time="1.110" errors="0" timestamp="2022-12-01T07:45:53 IST" skipped="0">
  <testcase classname="TestNG.XpathAxes" name="xpathAxes" time="1.110"/>
  <system-out/>
</testsuite> <!-- TestNG.XpathAxes -->
