<?xml version="1.0" encoding="UTF-8"?>
<!-- Generated by org.testng.reporters.JUnitReportReporter -->
<testsuite hostname="LAPTOP-M9MJF76J" failures="0" tests="2" name="TestNGAssignment.Assertion" time="0.066" errors="0" timestamp="2022-11-28T06:13:24 IST" skipped="0">
  <testcase classname="TestNGAssignment.Assertion" name="hardassert" time="0.033"/>
  <system-out/>
  <testcase classname="TestNGAssignment.Assertion" name="softassert" time="0.033"/>
  <system-out/>
</testsuite> <!-- TestNGAssignment.Assertion -->
