<?xml version="1.0" encoding="UTF-8"?>
<!-- Generated by org.testng.reporters.JUnitReportReporter -->
<testsuite hostname="LAPTOP-M9MJF76J" failures="0" tests="2" name="TestNGAssignment.Alerts" time="0.306" errors="0" timestamp="2022-12-11T20:54:28 IST" skipped="1">
  <testcase classname="TestNGAssignment.Alerts" name="dismissalerts" time="0.306"/>
  <system-out/>
  <testcase classname="TestNGAssignment.Alerts" name="alerts">
    <skipped/>
  </testcase> <!-- alerts -->
  <system-out/>
</testsuite> <!-- TestNGAssignment.Alerts -->
