<?xml version="1.0" encoding="UTF-8"?>
<!-- Generated by org.testng.reporters.JUnitReportReporter -->
<testsuite hostname="LAPTOP-M9MJF76J" failures="0" tests="2" name="AnnotationClass" time="0.023" errors="0" timestamp="2022-11-22T16:30:56 IST" skipped="0">
  <testcase classname="AnnotationClass" name="testcase" time="0.015"/>
  <system-out/>
  <testcase classname="AnnotationClass" name="testcase1" time="0.008"/>
  <system-out/>
</testsuite> <!-- AnnotationClass -->
