<?xml version="1.0" encoding="UTF-8"?>
<!-- Generated by org.testng.reporters.JUnitReportReporter -->
<testsuite hostname="LAPTOP-M9MJF76J" failures="0" tests="1" name="TestNG.RobotClass" time="0.918" errors="0" timestamp="2022-12-07T08:05:18 IST" skipped="0">
  <testcase classname="TestNG.RobotClass" name="robotclassUpload" time="0.918"/>
  <system-out/>
</testsuite> <!-- TestNG.RobotClass -->
