<?xml version="1.0" encoding="UTF-8"?>
<!-- Generated by org.testng.reporters.JUnitReportReporter -->
<testsuite hostname="LAPTOP-M9MJF76J" failures="0" tests="1" name="TestNG.Search" time="0.741" errors="0" timestamp="2023-01-17T19:47:53 IST" skipped="0">
  <testcase classname="TestNG.Search" name="searchUser" time="0.741"/>
  <system-out/>
</testsuite> <!-- TestNG.Search -->
