<?xml version="1.0" encoding="UTF-8"?>
<!-- Generated by org.testng.reporters.JUnitReportReporter -->
<testsuite hostname="LAPTOP-M9MJF76J" failures="0" tests="5" name="TestNG.XpathElements" time="8.566" errors="0" timestamp="2022-12-05T21:50:37 IST" skipped="1">
  <testcase classname="TestNG.XpathElements" name="xpathNormal" time="0.123"/>
  <system-out/>
  <testcase classname="TestNG.XpathElements" name="xpathAndOr" time="0.852"/>
  <system-out/>
  <testcase classname="TestNG.XpathElements" name="xpathText" time="7.523"/>
  <system-out/>
  <testcase classname="TestNG.XpathElements" name="xpathStartwith" time="0.068"/>
  <system-out/>
  <testcase classname="TestNG.XpathElements" name="xpathContains">
    <skipped/>
  </testcase> <!-- xpathContains -->
  <system-out/>
</testsuite> <!-- TestNG.XpathElements -->
