<?xml version="1.0" encoding="UTF-8"?>
<!-- Generated by org.testng.reporters.JUnitReportReporter -->
<testsuite hostname="LAPTOP-M9MJF76J" failures="0" tests="1" name="TestNG.DynamicWebTable" time="60.782" errors="0" timestamp="2022-12-15T20:30:45 IST" skipped="0">
  <testcase classname="TestNG.DynamicWebTable" name="dynamicwebTable" time="60.782"/>
  <system-out/>
</testsuite> <!-- TestNG.DynamicWebTable -->
