<?xml version="1.0" encoding="UTF-8"?>
<!-- Generated by org.testng.reporters.JUnitReportReporter -->
<testsuite hostname="LAPTOP-M9MJF76J" failures="0" tests="5" name="TestNGAssignment.Locators" time="1.239" errors="0" timestamp="2022-11-29T06:59:33 IST" skipped="0">
  <testcase classname="TestNGAssignment.Locators" name="partiallinkTest" time="0.479"/>
  <system-out/>
  <testcase classname="TestNGAssignment.Locators" name="linkTest" time="0.046"/>
  <system-out/>
  <testcase classname="TestNGAssignment.Locators" name="getTotal" time="0.468"/>
  <system-out/>
  <testcase classname="TestNGAssignment.Locators" name="classNameLoc" time="0.095"/>
  <system-out/>
  <testcase classname="TestNGAssignment.Locators" name="idLoc" time="0.151"/>
  <system-out/>
</testsuite> <!-- TestNGAssignment.Locators -->
