<?xml version="1.0" encoding="UTF-8"?>
<!-- Generated by org.testng.reporters.JUnitReportReporter -->
<testsuite hostname="LAPTOP-M9MJF76J" failures="0" tests="2" name="TestNG.SelectClass" time="40.681" errors="0" timestamp="2022-12-10T21:45:13 IST" skipped="1">
  <testcase classname="TestNG.SelectClass" name="multiDropdownSelect" time="40.681"/>
  <system-out/>
  <testcase classname="TestNG.SelectClass" name="singleDropdownSelect">
    <skipped/>
  </testcase> <!-- singleDropdownSelect -->
  <system-out/>
</testsuite> <!-- TestNG.SelectClass -->
