<?xml version="1.0" encoding="UTF-8"?>
<!-- Generated by org.testng.reporters.JUnitReportReporter -->
<testsuite hostname="LAPTOP-M9MJF76J" failures="0" tests="1" name="TestNGAssignment.RadioButton" time="0.255" errors="0" timestamp="2022-12-05T21:51:59 IST" skipped="0">
  <testcase classname="TestNGAssignment.RadioButton" name="radioButton" time="0.255"/>
  <system-out/>
</testsuite> <!-- TestNGAssignment.RadioButton -->
