<?xml version="1.0" encoding="UTF-8"?>
<!-- Generated by org.testng.reporters.JUnitReportReporter -->
<testsuite hostname="LAPTOP-M9MJF76J" failures="0" tests="1" name="TestNG.IFrames" time="2.033" errors="0" timestamp="2022-12-09T08:10:10 IST" skipped="0">
  <testcase classname="TestNG.IFrames" name="iframes" time="2.033"/>
  <system-out/>
</testsuite> <!-- TestNG.IFrames -->
