<?xml version="1.0" encoding="UTF-8"?>
<!-- Generated by org.testng.reporters.JUnitReportReporter -->
<testsuite hostname="LAPTOP-M9MJF76J" failures="0" tests="1" name="TestNGAssignment.FileDownload" time="24.983" errors="0" timestamp="2022-12-11T21:45:33 IST" skipped="0">
  <testcase classname="TestNGAssignment.FileDownload" name="download" time="24.983"/>
  <system-out/>
</testsuite> <!-- TestNGAssignment.FileDownload -->
