<?xml version="1.0" encoding="UTF-8"?>
<!-- Generated by org.testng.reporters.JUnitReportReporter -->
<testsuite hostname="LAPTOP-M9MJF76J" failures="0" tests="1" name="TestNGAssignment.Scroll" time="48.849" errors="0" timestamp="2023-01-06T09:40:57 IST" skipped="0">
  <testcase classname="TestNGAssignment.Scroll" name="scrollUp" time="48.849"/>
  <system-out/>
</testsuite> <!-- TestNGAssignment.Scroll -->
