<?xml version="1.0" encoding="UTF-8"?>
<!-- Generated by org.testng.reporters.JUnitReportReporter -->
<testsuite hostname="LAPTOP-M9MJF76J" failures="0" tests="2" name="TestNG.AnnotationClass" time="0.031" errors="0" timestamp="2023-01-23T11:53:13 IST" skipped="0">
  <testcase classname="TestNG.AnnotationClass" name="testcase" time="0.024"/>
  <system-out/>
  <testcase classname="TestNG.AnnotationClass" name="testcase1" time="0.007"/>
  <system-out/>
</testsuite> <!-- TestNG.AnnotationClass -->
