<?xml version="1.0" encoding="UTF-8"?>
<!-- Generated by org.testng.reporters.JUnitReportReporter -->
<testsuite hostname="LAPTOP-M9MJF76J" failures="0" tests="2" name="TestNG.HardAssertExample" time="0.260" errors="0" timestamp="2022-11-23T08:03:48 IST" skipped="0">
  <testcase classname="TestNG.HardAssertExample" name="hardassert" time="0.241"/>
  <system-out/>
  <testcase classname="TestNG.HardAssertExample" name="hardassert2" time="0.019"/>
  <system-out/>
</testsuite> <!-- TestNG.HardAssertExample -->
