<?xml version="1.0" encoding="UTF-8"?>
<!-- Generated by org.testng.reporters.JUnitReportReporter -->
<testsuite hostname="LAPTOP-M9MJF76J" failures="0" tests="3" name="TestNG.JavaScriptSample" time="10.460" errors="0" timestamp="2022-12-18T20:59:57 IST" skipped="2">
  <testcase classname="TestNG.JavaScriptSample" name="javascriptClick" time="10.460"/>
  <system-out/>
  <testcase classname="TestNG.JavaScriptSample" name="horizontalScroll">
    <skipped/>
  </testcase> <!-- horizontalScroll -->
  <system-out/>
  <testcase classname="TestNG.JavaScriptSample" name="verticalScroll">
    <skipped/>
  </testcase> <!-- verticalScroll -->
  <system-out/>
</testsuite> <!-- TestNG.JavaScriptSample -->
