<?xml version="1.0" encoding="UTF-8"?>
<!-- Generated by org.testng.reporters.JUnitReportReporter -->
<testsuite hostname="LAPTOP-M9MJF76J" failures="0" tests="2" name="TestNG.UploadandDownload" time="9.246" errors="0" timestamp="2022-12-07T07:37:08 IST" skipped="0">
  <testcase classname="TestNG.UploadandDownload" name="upload" time="0.561"/>
  <system-out/>
  <testcase classname="TestNG.UploadandDownload" name="download" time="8.685"/>
  <system-out/>
</testsuite> <!-- TestNG.UploadandDownload -->
