<?xml version="1.0" encoding="UTF-8"?>
<!-- Generated by org.testng.reporters.JUnitReportReporter -->
<testsuite hostname="LAPTOP-M9MJF76J" failures="0" tests="2" name="TestNG.RadioandCheckBox" time="1.282" errors="0" timestamp="2022-12-20T20:35:33 IST" skipped="0">
  <testcase classname="TestNG.RadioandCheckBox" name="checkBox" time="0.941"/>
  <system-out/>
  <testcase classname="TestNG.RadioandCheckBox" name="radioButton" time="0.341"/>
  <system-out/>
</testsuite> <!-- TestNG.RadioandCheckBox -->
