<?xml version="1.0" encoding="UTF-8"?>
<!-- Generated by org.testng.reporters.JUnitReportReporter -->
<testsuite hostname="LAPTOP-M9MJF76J" failures="0" tests="1" name="TestNGAssignment.BrowserLaunch" time="0.035" errors="0" timestamp="2022-11-27T18:49:20 IST" skipped="0">
  <testcase classname="TestNGAssignment.BrowserLaunch" name="browser_launch" time="0.035"/>
  <system-out/>
</testsuite> <!-- TestNGAssignment.BrowserLaunch -->
