<?xml version="1.0" encoding="UTF-8"?>
<!-- Generated by org.testng.reporters.JUnitReportReporter -->
<testsuite hostname="LAPTOP-M9MJF76J" failures="0" tests="3" name="TestNG.WaitSample" time="7.028" errors="0" timestamp="2022-12-19T06:46:10 IST" skipped="2">
  <testcase classname="TestNG.WaitSample" name="fluentWaitSample" time="7.028"/>
  <system-out/>
  <testcase classname="TestNG.WaitSample" name="implicitWaitSample">
    <skipped/>
  </testcase> <!-- implicitWaitSample -->
  <system-out/>
  <testcase classname="TestNG.WaitSample" name="explicitWaitSample">
    <skipped/>
  </testcase> <!-- explicitWaitSample -->
  <system-out/>
</testsuite> <!-- TestNG.WaitSample -->
