<?xml version="1.0" encoding="UTF-8"?>
<!-- Generated by org.testng.reporters.JUnitReportReporter -->
<testsuite hostname="LAPTOP-M9MJF76J" failures="0" tests="4" name="TestNG.CSSLocators" time="2.199" errors="0" timestamp="2022-11-29T08:04:27 IST" skipped="0">
  <testcase classname="TestNG.CSSLocators" name="tagAndId" time="0.149"/>
  <system-out/>
  <testcase classname="TestNG.CSSLocators" name="tagAndClass" time="1.757"/>
  <system-out/>
  <testcase classname="TestNG.CSSLocators" name="tagAndAttribute" time="0.067"/>
  <system-out/>
  <testcase classname="TestNG.CSSLocators" name="tagclassAttribute" time="0.226"/>
  <system-out/>
</testsuite> <!-- TestNG.CSSLocators -->
