<?xml version="1.0" encoding="UTF-8"?>
<!-- Generated by org.testng.reporters.JUnitReportReporter -->
<testsuite hostname="LAPTOP-M9MJF76J" failures="0" tests="5" name="TestNG.ActionClass" time="3.146" errors="0" timestamp="2022-12-06T08:10:08 IST" skipped="4">
  <testcase classname="TestNG.ActionClass" name="keyboardEvents" time="3.146"/>
  <system-out/>
  <testcase classname="TestNG.ActionClass" name="mouseHover">
    <skipped/>
  </testcase> <!-- mouseHover -->
  <system-out/>
  <testcase classname="TestNG.ActionClass" name="doubleClick">
    <skipped/>
  </testcase> <!-- doubleClick -->
  <system-out/>
  <testcase classname="TestNG.ActionClass" name="dragndDrop">
    <skipped/>
  </testcase> <!-- dragndDrop -->
  <system-out/>
  <testcase classname="TestNG.ActionClass" name="contextClick">
    <skipped/>
  </testcase> <!-- contextClick -->
  <system-out/>
</testsuite> <!-- TestNG.ActionClass -->
