<?xml version="1.0" encoding="UTF-8"?>
<!-- Generated by org.testng.reporters.JUnitReportReporter -->
<testsuite hostname="LAPTOP-M9MJF76J" failures="0" tests="1" name="TestNGAssignment.DropDown" time="1.148" errors="0" timestamp="2022-12-11T21:08:46 IST" skipped="0">
  <testcase classname="TestNGAssignment.DropDown" name="dropDown" time="1.148"/>
  <system-out/>
</testsuite> <!-- TestNGAssignment.DropDown -->
