<?xml version="1.0" encoding="UTF-8"?>
<!-- Generated by org.testng.reporters.JUnitReportReporter -->
<testsuite hostname="LAPTOP-M9MJF76J" failures="0" tests="1" name="TestNGAssignment.DrapandDrop" time="6.686" errors="0" timestamp="2022-12-11T22:29:09 IST" skipped="0">
  <testcase classname="TestNGAssignment.DrapandDrop" name="draganddrop" time="6.686"/>
  <system-out/>
</testsuite> <!-- TestNGAssignment.DrapandDrop -->
