<?xml version="1.0" encoding="UTF-8"?>
<!-- Generated by org.testng.reporters.JUnitReportReporter -->
<testsuite hostname="LAPTOP-M9MJF76J" failures="0" tests="1" name="TestNG.WindowHandling" time="5.204" errors="0" timestamp="2022-12-09T07:35:46 IST" skipped="0">
  <testcase classname="TestNG.WindowHandling" name="getWindowHandle" time="5.204"/>
  <system-out/>
</testsuite> <!-- TestNG.WindowHandling -->
